<?xml version="1.0" encoding="UTF-8"?>
<!-- Generated by org.testng.reporters.JUnitReportReporter -->
<testsuite skipped="0" hostname="INBANGNBLENO09" name="dataProvider.excelDataProvider.dataProvide" tests="3" failures="0" timestamp="10 Jan 2020 05:53:46 GMT" time="0.010" errors="0">
  <testcase name="testCaseData" time="0.002" classname="dataProvider.excelDataProvider.dataProvide"/>
  <testcase name="testCaseData" time="0.008" classname="dataProvider.excelDataProvider.dataProvide"/>
  <testcase name="testCaseData" time="0.000" classname="dataProvider.excelDataProvider.dataProvide"/>
</testsuite> <!-- dataProvider.excelDataProvider.dataProvide -->
